[2m> [22mnpm run build


> @atto_ui/themes@0.0.1 build
> npm run build:js && npm run build:type && npm run build:css


> @atto_ui/themes@0.0.1 build:js
> node build.js

(node:48561) ExperimentalWarning: Importing JSON modules is an experimental feature and might change at any time
(Use `node --trace-warnings ...` to show where the warning was created)
âœ˜ [ERROR] Invalid option in build() call: "watch"

    /Users/gyeongdeok/Documents/01.git/module_project/node_modules/esbuild/lib/main.js:253:12:
      253 â”‚       throw new Error(`Invalid option ${where}: ${quote(key)}`);
          â•µ             ^

    at checkForInvalidFlags (/Users/gyeongdeok/Documents/01.git/module_project/node_modules/esbuild/lib/main.js:253:13)
    at flagsForBuildOptions (/Users/gyeongdeok/Documents/01.git/module_project/node_modules/esbuild/lib/main.js:426:3)
    at buildOrContextContinue (/Users/gyeongdeok/Documents/01.git/module_project/node_modules/esbuild/lib/main.js:913:9)
    at buildOrContextImpl (/Users/gyeongdeok/Documents/01.git/module_project/node_modules/esbuild/lib/main.js:897:5)
    at Object.buildOrContext (/Users/gyeongdeok/Documents/01.git/module_project/node_modules/esbuild/lib/main.js:699:5)
    at /Users/gyeongdeok/Documents/01.git/module_project/node_modules/esbuild/lib/main.js:2028:15
    at new Promise (<anonymous>)
    at Object.build (/Users/gyeongdeok/Documents/01.git/module_project/node_modules/esbuild/lib/main.js:2027:25)
    at build (/Users/gyeongdeok/Documents/01.git/module_project/node_modules/esbuild/lib/main.js:1878:51)
    at run (/Users/gyeongdeok/Documents/01.git/module_project/packages/esbuild_config/index.js:38:5)

âœ˜ [ERROR] Invalid option in build() call: "watch"

    /Users/gyeongdeok/Documents/01.git/module_project/node_modules/esbuild/lib/main.js:253:12:
      253 â”‚       throw new Error(`Invalid option ${where}: ${quote(key)}`);
          â•µ             ^

    at checkForInvalidFlags (/Users/gyeongdeok/Documents/01.git/module_project/node_modules/esbuild/lib/main.js:253:13)
    at flagsForBuildOptions (/Users/gyeongdeok/Documents/01.git/module_project/node_modules/esbuild/lib/main.js:426:3)
    at buildOrContextContinue (/Users/gyeongdeok/Documents/01.git/module_project/node_modules/esbuild/lib/main.js:913:9)
    at buildOrContextImpl (/Users/gyeongdeok/Documents/01.git/module_project/node_modules/esbuild/lib/main.js:897:5)
    at Object.buildOrContext (/Users/gyeongdeok/Documents/01.git/module_project/node_modules/esbuild/lib/main.js:699:5)
    at /Users/gyeongdeok/Documents/01.git/module_project/node_modules/esbuild/lib/main.js:2028:15
    at new Promise (<anonymous>)
    at Object.build (/Users/gyeongdeok/Documents/01.git/module_project/node_modules/esbuild/lib/main.js:2027:25)
    at build (/Users/gyeongdeok/Documents/01.git/module_project/node_modules/esbuild/lib/main.js:1878:51)
    at run (/Users/gyeongdeok/Documents/01.git/module_project/packages/esbuild_config/index.js:43:5)

Build failed: Error: Build failed with 1 error:
/Users/gyeongdeok/Documents/01.git/module_project/node_modules/esbuild/lib/main.js:253:12: ERROR: Invalid option in build() call: "watch"
    at failureErrorWithLog (/Users/gyeongdeok/Documents/01.git/module_project/node_modules/[4mesbuild[24m/lib/main.js:1476:15)
    at /Users/gyeongdeok/Documents/01.git/module_project/node_modules/[4mesbuild[24m/lib/main.js:860:16
    at responseCallbacks.<computed> (/Users/gyeongdeok/Documents/01.git/module_project/node_modules/[4mesbuild[24m/lib/main.js:622:9)
    at handleIncomingPacket (/Users/gyeongdeok/Documents/01.git/module_project/node_modules/[4mesbuild[24m/lib/main.js:677:12)
    at Socket.readFromStdout (/Users/gyeongdeok/Documents/01.git/module_project/node_modules/[4mesbuild[24m/lib/main.js:600:7)
[90m    at Socket.emit (node:events:518:28)[39m
[90m    at addChunk (node:internal/streams/readable:559:12)[39m
[90m    at readableAddChunkPushByteMode (node:internal/streams/readable:510:3)[39m
[90m    at Readable.push (node:internal/streams/readable:390:5)[39m
[90m    at Pipe.onStreamRead (node:internal/stream_base_commons:190:23)[39m {
  errors: [36m[Getter/Setter][39m,
  warnings: [36m[Getter/Setter][39m
}
npm ERR! Lifecycle script `build:js` failed with error: 
npm ERR! Error: command failed 
npm ERR!   in workspace: @atto_ui/themes@0.0.1 
npm ERR!   at location: /Users/gyeongdeok/Documents/01.git/module_project/packages/themes 
npm ERR! Lifecycle script `build` failed with error: 
npm ERR! Error: command failed 
npm ERR!   in workspace: @atto_ui/themes@0.0.1 
npm ERR!   at location: /Users/gyeongdeok/Documents/01.git/module_project/packages/themes 
