[2m> [22mnpm run build


> @atto_ui/themes@0.0.1 build
> npm run build:js && npm run build:type && npm run build:css


> @atto_ui/themes@0.0.1 build:js
> node build.js

(node:27363) ExperimentalWarning: Importing JSON modules is an experimental feature and might change at any time
(Use `node --trace-warnings ...` to show where the warning was created)
âœ˜ [ERROR] Invalid option in build() call: "watch"

    /Users/gyeongdeok/Documents/01.git/module_project/node_modules/esbuild/lib/main.js:253:12:
      253 â”‚       throw new Error(`Invalid option ${where}: ${quote(key)}`);
          â•µ             ^

    at checkForInvalidFlags (/Users/gyeongdeok/Documents/01.git/module_project/node_modules/esbuild/lib/main.js:253:13)
    at flagsForBuildOptions (/Users/gyeongdeok/Documents/01.git/module_project/node_modules/esbuild/lib/main.js:426:3)
    at buildOrContextContinue (/Users/gyeongdeok/Documents/01.git/module_project/node_modules/esbuild/lib/main.js:913:9)
    at buildOrContextImpl (/Users/gyeongdeok/Documents/01.git/module_project/node_modules/esbuild/lib/main.js:897:5)
    at Object.buildOrContext (/Users/gyeongdeok/Documents/01.git/module_project/node_modules/esbuild/lib/main.js:699:5)
    at /Users/gyeongdeok/Documents/01.git/module_project/node_modules/esbuild/lib/main.js:2028:15
    at new Promise (<anonymous>)
    at Object.build (/Users/gyeongdeok/Documents/01.git/module_project/node_modules/esbuild/lib/main.js:2027:25)
    at build (/Users/gyeongdeok/Documents/01.git/module_project/node_modules/esbuild/lib/main.js:1878:51)
    at run (/Users/gyeongdeok/Documents/01.git/module_project/packages/esbuild_config/index.js:39:5)

âœ˜ [ERROR] Invalid option in build() call: "watch"

    /Users/gyeongdeok/Documents/01.git/module_project/node_modules/esbuild/lib/main.js:253:12:
      253 â”‚       throw new Error(`Invalid option ${where}: ${quote(key)}`);
          â•µ             ^

    at checkForInvalidFlags (/Users/gyeongdeok/Documents/01.git/module_project/node_modules/esbuild/lib/main.js:253:13)
    at flagsForBuildOptions (/Users/gyeongdeok/Documents/01.git/module_project/node_modules/esbuild/lib/main.js:426:3)
    at buildOrContextContinue (/Users/gyeongdeok/Documents/01.git/module_project/node_modules/esbuild/lib/main.js:913:9)
    at buildOrContextImpl (/Users/gyeongdeok/Documents/01.git/module_project/node_modules/esbuild/lib/main.js:897:5)
    at Object.buildOrContext (/Users/gyeongdeok/Documents/01.git/module_project/node_modules/esbuild/lib/main.js:699:5)
    at /Users/gyeongdeok/Documents/01.git/module_project/node_modules/esbuild/lib/main.js:2028:15
    at new Promise (<anonymous>)
    at Object.build (/Users/gyeongdeok/Documents/01.git/module_project/node_modules/esbuild/lib/main.js:2027:25)
    at build (/Users/gyeongdeok/Documents/01.git/module_project/node_modules/esbuild/lib/main.js:1878:51)
    at run (/Users/gyeongdeok/Documents/01.git/module_project/packages/esbuild_config/index.js:43:5)

Build failed
npm ERR! Lifecycle script `build:js` failed with error: 
npm ERR! Error: command failed 
npm ERR!   in workspace: @atto_ui/themes@0.0.1 
npm ERR!   at location: /Users/gyeongdeok/Documents/01.git/module_project/packages/themes 
npm ERR! Lifecycle script `build` failed with error: 
npm ERR! Error: command failed 
npm ERR!   in workspace: @atto_ui/themes@0.0.1 
npm ERR!   at location: /Users/gyeongdeok/Documents/01.git/module_project/packages/themes 
